2020-11-28 17:44:55,436 INFO c.t.l.Loader$ [main] Running Loader
2020-11-28 17:44:55,445 INFO c.t.l.Loader$ [main] Parsing CLI arguments
2020-11-28 17:45:01,060 INFO c.t.l.ConfigParser [main] Opening config file: validate.yml
2020-11-28 17:45:01,153 INFO c.t.l.ConfigParser [main] Opening config file: validate.yml
2020-11-28 17:45:01,161 INFO c.t.l.ConfigParser [main] Opening config file: validate.yml
2020-11-28 17:46:38,996 INFO c.t.l.Loader$ [main] Running Loader
2020-11-28 17:46:39,002 INFO c.t.l.Loader$ [main] Parsing CLI arguments
2020-11-28 17:46:42,293 INFO c.t.l.ConfigParser [main] Opening config file: validate.yml
2020-11-28 17:46:42,353 INFO c.t.l.ConfigParser [main] Opening config file: validate.yml
2020-11-28 17:46:42,360 INFO c.t.l.ConfigParser [main] Opening config file: validate.yml
2020-11-28 17:46:44,146 INFO c.t.l.DataframeValidator$ [main] Validating events dataframe
2020-11-28 17:46:44,432 INFO c.t.l.DataframeValidator$$anonfun$parseRow$1 [main] ROW PARSING ERROR: transaction_beneficiar_account_number = 193XXXXX25
2020-11-28 17:46:44,432 INFO c.t.l.DataframeValidator$$anonfun$parseRow$1 [main] ROW PARSING ERROR: sub_type = NULL
2020-11-28 17:46:44,432 INFO c.t.l.DataframeValidator$$anonfun$parseRow$1 [main] ROW PARSING ERROR: event_type = CHANGE_LOGIN_ID
2020-11-28 17:46:44,433 INFO c.t.l.DataframeValidator$$anonfun$parseRow$1 [main] ROW PARSING ERROR: transaction_beneficiar_account_number = 1188XXXXX3
2020-11-28 17:46:44,434 INFO c.t.l.DataframeValidator$$anonfun$parseRow$1 [main] ROW PARSING ERROR: transaction_beneficiar_account_number = NULL
2020-11-28 17:46:44,434 INFO c.t.l.DataframeValidator$$anonfun$parseRow$1 [main] ROW PARSING ERROR: sub_channel = ASFS.BRANCHAPI
2020-11-28 17:46:44,435 INFO c.t.l.DataframeValidator$$anonfun$parseRow$1 [main] ROW PARSING ERROR: sub_type = MB_CARD_TO_CARD
2020-11-28 17:46:44,436 INFO c.t.l.DataframeValidator$$anonfun$parseRow$1 [main] ROW PARSING ERROR: transaction_beneficiar_account_number = 3972XXXXX3
2020-11-28 17:46:45,035 INFO c.t.l.DataframeValidator$ [main] Validating facts dataframe
2020-11-28 17:46:45,254 INFO c.t.l.DataframeValidator$$anonfun$parseRow$1 [main] ROW PARSING ERROR: payer_card_number = 729909XXXXXX203
2020-11-28 17:46:45,255 INFO c.t.l.DataframeValidator$$anonfun$parseRow$1 [main] ROW PARSING ERROR: payer_card_number = 729909XXXXXX203
2020-11-28 17:47:22,556 INFO c.t.l.Loader$ [main] Running Loader
2020-11-28 17:47:22,561 INFO c.t.l.Loader$ [main] Parsing CLI arguments
2020-11-28 17:47:25,789 INFO c.t.l.ConfigParser [main] Opening config file: validate.yml
2020-11-28 17:47:25,847 INFO c.t.l.ConfigParser [main] Opening config file: validate.yml
2020-11-28 17:47:25,853 INFO c.t.l.ConfigParser [main] Opening config file: validate.yml
2020-11-28 17:47:27,602 INFO c.t.l.DataframeValidator$ [main] Validating events dataframe
2020-11-28 17:47:27,900 INFO c.t.l.DataframeValidator$$anonfun$parseRow$1 [main] ROW PARSING ERROR: transaction_beneficiar_account_number = 193XXXXX25
2020-11-28 17:47:27,900 INFO c.t.l.DataframeValidator$$anonfun$parseRow$1 [main] ROW PARSING ERROR: sub_type = NULL
2020-11-28 17:47:27,900 INFO c.t.l.DataframeValidator$$anonfun$parseRow$1 [main] ROW PARSING ERROR: event_type = CHANGE_LOGIN_ID
2020-11-28 17:47:27,901 INFO c.t.l.DataframeValidator$$anonfun$parseRow$1 [main] ROW PARSING ERROR: transaction_beneficiar_account_number = 1188XXXXX3
2020-11-28 17:47:27,901 INFO c.t.l.DataframeValidator$$anonfun$parseRow$1 [main] ROW PARSING ERROR: transaction_beneficiar_account_number = NULL
2020-11-28 17:47:27,902 INFO c.t.l.DataframeValidator$$anonfun$parseRow$1 [main] ROW PARSING ERROR: sub_channel = ASFS.BRANCHAPI
2020-11-28 17:47:27,902 INFO c.t.l.DataframeValidator$$anonfun$parseRow$1 [main] ROW PARSING ERROR: sub_type = MB_CARD_TO_CARD
2020-11-28 17:47:27,902 INFO c.t.l.DataframeValidator$$anonfun$parseRow$1 [main] ROW PARSING ERROR: transaction_beneficiar_account_number = 3972XXXXX3
2020-11-28 17:47:28,522 INFO c.t.l.DataframeValidator$ [main] Validating facts dataframe
2020-11-28 17:47:28,737 INFO c.t.l.DataframeValidator$$anonfun$parseRow$1 [main] ROW PARSING ERROR: payer_card_number = 729909XXXXXX203
2020-11-28 17:47:28,738 INFO c.t.l.DataframeValidator$$anonfun$parseRow$1 [main] ROW PARSING ERROR: payer_card_number = 729909XXXXXX203
2020-11-28 17:51:27,962 INFO c.t.l.Loader$ [main] Running Loader
2020-11-28 17:51:27,969 INFO c.t.l.Loader$ [main] Parsing CLI arguments
2020-11-28 17:51:31,171 INFO c.t.l.ConfigParser [main] Opening config file: validate.yml
2020-11-28 17:51:31,228 INFO c.t.l.ConfigParser [main] Opening config file: validate.yml
2020-11-28 17:51:31,234 INFO c.t.l.ConfigParser [main] Opening config file: validate.yml
2020-11-28 17:51:32,980 INFO c.t.l.DataframeValidator$ [main] Validating events dataframe
2020-11-28 17:51:33,268 INFO c.t.l.DataframeValidator$$anonfun$parseRow$1 [Executor task launch worker for task 1] ROW PARSING ERROR: transaction_beneficiar_account_number = 193XXXXX25
2020-11-28 17:51:33,268 INFO c.t.l.DataframeValidator$$anonfun$parseRow$1 [Executor task launch worker for task 1] ROW PARSING ERROR: sub_type = NULL
2020-11-28 17:51:33,268 INFO c.t.l.DataframeValidator$$anonfun$parseRow$1 [Executor task launch worker for task 1] ROW PARSING ERROR: event_type = CHANGE_LOGIN_ID
2020-11-28 17:51:33,270 INFO c.t.l.DataframeValidator$$anonfun$parseRow$1 [Executor task launch worker for task 1] ROW PARSING ERROR: transaction_beneficiar_account_number = 1188XXXXX3
2020-11-28 17:51:33,271 INFO c.t.l.DataframeValidator$$anonfun$parseRow$1 [Executor task launch worker for task 1] ROW PARSING ERROR: transaction_beneficiar_account_number = NULL
2020-11-28 17:51:33,271 INFO c.t.l.DataframeValidator$$anonfun$parseRow$1 [Executor task launch worker for task 1] ROW PARSING ERROR: sub_channel = ASFS.BRANCHAPI
2020-11-28 17:51:33,272 INFO c.t.l.DataframeValidator$$anonfun$parseRow$1 [Executor task launch worker for task 1] ROW PARSING ERROR: sub_type = MB_CARD_TO_CARD
2020-11-28 17:51:33,274 INFO c.t.l.DataframeValidator$$anonfun$parseRow$1 [Executor task launch worker for task 1] ROW PARSING ERROR: transaction_beneficiar_account_number = 3972XXXXX3
2020-11-28 17:51:33,857 INFO c.t.l.DataframeValidator$ [main] Validating facts dataframe
2020-11-28 17:51:34,063 INFO c.t.l.DataframeValidator$$anonfun$parseRow$1 [Executor task launch worker for task 4] ROW PARSING ERROR: payer_card_number = 729909XXXXXX203
2020-11-28 17:51:34,065 INFO c.t.l.DataframeValidator$$anonfun$parseRow$1 [Executor task launch worker for task 4] ROW PARSING ERROR: payer_card_number = 729909XXXXXX203
2020-11-28 18:10:57,793 INFO c.t.l.Loader$ [main] Running Loader
2020-11-28 18:10:57,798 INFO c.t.l.Loader$ [main] Parsing CLI arguments
2020-11-28 18:10:59,868 INFO c.t.l.ConfigParser [main] Opening config file: validate.yml
2020-11-28 18:10:59,932 INFO c.t.l.ConfigParser [main] Opening config file: validate.yml
2020-11-28 18:10:59,939 INFO c.t.l.ConfigParser [main] Opening config file: validate.yml
2020-11-28 18:11:02,913 INFO c.t.l.DataframeValidator$ [main] Validating events dataframe
2020-11-28 18:11:03,191 INFO c.t.l.DataframeValidator$$anonfun$parseRow$1 [Executor task launch worker for task 1] ROW PARSING ERROR: transaction_beneficiar_account_number = 193XXXXX25
2020-11-28 18:11:03,192 INFO c.t.l.DataframeValidator$$anonfun$parseRow$1 [Executor task launch worker for task 1] ROW PARSING ERROR: sub_type = NULL
2020-11-28 18:11:03,193 INFO c.t.l.DataframeValidator$$anonfun$parseRow$1 [Executor task launch worker for task 1] ROW PARSING ERROR: event_type = CHANGE_LOGIN_ID
2020-11-28 18:11:03,195 INFO c.t.l.DataframeValidator$$anonfun$parseRow$1 [Executor task launch worker for task 1] ROW PARSING ERROR: transaction_beneficiar_account_number = 1188XXXXX3
2020-11-28 18:11:03,196 INFO c.t.l.DataframeValidator$$anonfun$parseRow$1 [Executor task launch worker for task 1] ROW PARSING ERROR: transaction_beneficiar_account_number = NULL
2020-11-28 18:11:03,197 INFO c.t.l.DataframeValidator$$anonfun$parseRow$1 [Executor task launch worker for task 1] ROW PARSING ERROR: sub_channel = ASFS.BRANCHAPI
2020-11-28 18:11:03,198 INFO c.t.l.DataframeValidator$$anonfun$parseRow$1 [Executor task launch worker for task 1] ROW PARSING ERROR: sub_type = MB_CARD_TO_CARD
2020-11-28 18:11:03,198 INFO c.t.l.DataframeValidator$$anonfun$parseRow$1 [Executor task launch worker for task 1] ROW PARSING ERROR: transaction_beneficiar_account_number = 3972XXXXX3
2020-11-28 18:11:03,806 INFO c.t.l.DataframeValidator$ [main] Validating facts dataframe
2020-11-28 18:11:04,005 INFO c.t.l.DataframeValidator$$anonfun$parseRow$1 [Executor task launch worker for task 4] ROW PARSING ERROR: payer_card_number = 729909XXXXXX203
2020-11-28 18:11:04,007 INFO c.t.l.DataframeValidator$$anonfun$parseRow$1 [Executor task launch worker for task 4] ROW PARSING ERROR: payer_card_number = 729909XXXXXX203
2020-11-28 18:12:15,563 INFO c.t.l.Loader$ [main] Running Loader
2020-11-28 18:12:15,569 INFO c.t.l.Loader$ [main] Parsing CLI arguments
2020-11-28 18:12:17,806 INFO c.t.l.ConfigParser [main] Opening config file: validate.yml
2020-11-28 18:12:17,866 INFO c.t.l.ConfigParser [main] Opening config file: validate.yml
2020-11-28 18:12:17,872 INFO c.t.l.ConfigParser [main] Opening config file: validate.yml
2020-11-28 18:12:20,716 INFO c.t.l.DataframeValidator$ [main] Validating events dataframe
2020-11-28 18:12:20,981 INFO c.t.l.DataframeValidator$$anonfun$parseRow$1 [Executor task launch worker for task 1] ROW PARSING ERROR: transaction_beneficiar_account_number = 193XXXXX25
2020-11-28 18:12:20,981 INFO c.t.l.DataframeValidator$$anonfun$parseRow$1 [Executor task launch worker for task 1] ROW PARSING ERROR: sub_type = NULL
2020-11-28 18:12:20,982 INFO c.t.l.DataframeValidator$$anonfun$parseRow$1 [Executor task launch worker for task 1] ROW PARSING ERROR: event_type = CHANGE_LOGIN_ID
2020-11-28 18:12:20,984 INFO c.t.l.DataframeValidator$$anonfun$parseRow$1 [Executor task launch worker for task 1] ROW PARSING ERROR: transaction_beneficiar_account_number = 1188XXXXX3
2020-11-28 18:12:20,985 INFO c.t.l.DataframeValidator$$anonfun$parseRow$1 [Executor task launch worker for task 1] ROW PARSING ERROR: transaction_beneficiar_account_number = NULL
2020-11-28 18:12:20,986 INFO c.t.l.DataframeValidator$$anonfun$parseRow$1 [Executor task launch worker for task 1] ROW PARSING ERROR: sub_channel = ASFS.BRANCHAPI
2020-11-28 18:12:20,986 INFO c.t.l.DataframeValidator$$anonfun$parseRow$1 [Executor task launch worker for task 1] ROW PARSING ERROR: sub_type = MB_CARD_TO_CARD
2020-11-28 18:12:20,987 INFO c.t.l.DataframeValidator$$anonfun$parseRow$1 [Executor task launch worker for task 1] ROW PARSING ERROR: transaction_beneficiar_account_number = 3972XXXXX3
2020-11-28 18:12:21,584 INFO c.t.l.DataframeValidator$ [main] Validating facts dataframe
2020-11-28 18:12:21,788 INFO c.t.l.DataframeValidator$$anonfun$parseRow$1 [Executor task launch worker for task 4] ROW PARSING ERROR: payer_card_number = 729909XXXXXX203
2020-11-28 18:12:21,790 INFO c.t.l.DataframeValidator$$anonfun$parseRow$1 [Executor task launch worker for task 4] ROW PARSING ERROR: payer_card_number = 729909XXXXXX203
2020-11-28 18:16:38,181 INFO c.t.l.Loader$ [main] Running Loader
2020-11-28 18:16:38,186 INFO c.t.l.Loader$ [main] Parsing CLI arguments
2020-11-28 18:16:40,318 INFO c.t.l.ConfigParser [main] Opening config file: validate.yml
2020-11-28 18:16:40,386 INFO c.t.l.ConfigParser [main] Opening config file: validate.yml
2020-11-28 18:16:40,393 INFO c.t.l.ConfigParser [main] Opening config file: validate.yml
2020-11-28 18:16:43,794 INFO c.t.l.DataframeValidator$ [main] Validating events dataframe
2020-11-28 18:16:44,172 INFO c.t.l.DataframeValidator$$anonfun$parseRow$1 [Executor task launch worker for task 1] ROW PARSING ERROR: transaction_beneficiar_account_number = 193XXXXX25
2020-11-28 18:16:44,173 INFO c.t.l.DataframeValidator$$anonfun$parseRow$1 [Executor task launch worker for task 1] ROW PARSING ERROR: sub_type = NULL
2020-11-28 18:16:44,173 INFO c.t.l.DataframeValidator$$anonfun$parseRow$1 [Executor task launch worker for task 1] ROW PARSING ERROR: event_type = CHANGE_LOGIN_ID
2020-11-28 18:16:44,175 INFO c.t.l.DataframeValidator$$anonfun$parseRow$1 [Executor task launch worker for task 1] ROW PARSING ERROR: transaction_beneficiar_account_number = 1188XXXXX3
2020-11-28 18:16:44,176 INFO c.t.l.DataframeValidator$$anonfun$parseRow$1 [Executor task launch worker for task 1] ROW PARSING ERROR: transaction_beneficiar_account_number = NULL
2020-11-28 18:16:44,177 INFO c.t.l.DataframeValidator$$anonfun$parseRow$1 [Executor task launch worker for task 1] ROW PARSING ERROR: sub_channel = ASFS.BRANCHAPI
2020-11-28 18:16:44,177 INFO c.t.l.DataframeValidator$$anonfun$parseRow$1 [Executor task launch worker for task 1] ROW PARSING ERROR: sub_type = MB_CARD_TO_CARD
2020-11-28 18:16:44,178 INFO c.t.l.DataframeValidator$$anonfun$parseRow$1 [Executor task launch worker for task 1] ROW PARSING ERROR: transaction_beneficiar_account_number = 3972XXXXX3
2020-11-28 18:16:44,974 INFO c.t.l.DataframeValidator$ [main] Validating facts dataframe
2020-11-28 18:16:45,184 INFO c.t.l.DataframeValidator$$anonfun$parseRow$1 [Executor task launch worker for task 4] ROW PARSING ERROR: payer_card_number = 729909XXXXXX203
2020-11-28 18:16:45,187 INFO c.t.l.DataframeValidator$$anonfun$parseRow$1 [Executor task launch worker for task 4] ROW PARSING ERROR: payer_card_number = 729909XXXXXX203
2020-11-28 18:18:21,938 INFO c.t.l.Loader$ [main] Running Loader
2020-11-28 18:18:21,942 INFO c.t.l.Loader$ [main] Parsing CLI arguments
2020-11-28 18:18:24,969 INFO c.t.l.ConfigParser [main] Opening config file: validate.yml
2020-11-28 18:18:25,039 INFO c.t.l.ConfigParser [main] Opening config file: validate.yml
2020-11-28 18:18:25,045 INFO c.t.l.ConfigParser [main] Opening config file: validate.yml
2020-11-28 18:18:27,865 INFO c.t.l.DataframeValidator$ [main] Validating events dataframe
2020-11-28 18:18:28,100 INFO c.t.l.DataframeValidator$$anonfun$parseRow$1 [Executor task launch worker for task 1] ROW PARSING ERROR: transaction_beneficiar_account_number = 193XXXXX25
2020-11-28 18:18:28,100 INFO c.t.l.DataframeValidator$$anonfun$parseRow$1 [Executor task launch worker for task 1] ROW PARSING ERROR: sub_type = NULL
2020-11-28 18:18:28,100 INFO c.t.l.DataframeValidator$$anonfun$parseRow$1 [Executor task launch worker for task 1] ROW PARSING ERROR: event_type = CHANGE_LOGIN_ID
2020-11-28 18:18:28,101 INFO c.t.l.DataframeValidator$$anonfun$parseRow$1 [Executor task launch worker for task 1] ROW PARSING ERROR: transaction_beneficiar_account_number = 1188XXXXX3
2020-11-28 18:18:28,102 INFO c.t.l.DataframeValidator$$anonfun$parseRow$1 [Executor task launch worker for task 1] ROW PARSING ERROR: transaction_beneficiar_account_number = NULL
2020-11-28 18:18:28,102 INFO c.t.l.DataframeValidator$$anonfun$parseRow$1 [Executor task launch worker for task 1] ROW PARSING ERROR: sub_channel = ASFS.BRANCHAPI
2020-11-28 18:18:28,103 INFO c.t.l.DataframeValidator$$anonfun$parseRow$1 [Executor task launch worker for task 1] ROW PARSING ERROR: sub_type = MB_CARD_TO_CARD
2020-11-28 18:18:28,104 INFO c.t.l.DataframeValidator$$anonfun$parseRow$1 [Executor task launch worker for task 1] ROW PARSING ERROR: transaction_beneficiar_account_number = 3972XXXXX3
2020-11-28 18:18:28,747 INFO c.t.l.DataframeValidator$ [main] Validating facts dataframe
2020-11-28 18:18:28,957 INFO c.t.l.DataframeValidator$$anonfun$parseRow$1 [Executor task launch worker for task 4] ROW PARSING ERROR: payer_card_number = 729909XXXXXX203
2020-11-28 18:18:28,958 INFO c.t.l.DataframeValidator$$anonfun$parseRow$1 [Executor task launch worker for task 4] ROW PARSING ERROR: payer_card_number = 729909XXXXXX203
2020-11-28 18:19:04,725 INFO c.t.l.Loader$ [main] Running Loader
2020-11-28 18:19:04,732 INFO c.t.l.Loader$ [main] Parsing CLI arguments
2020-11-28 18:19:06,808 INFO c.t.l.ConfigParser [main] Opening config file: validate.yml
2020-11-28 18:19:06,876 INFO c.t.l.ConfigParser [main] Opening config file: validate.yml
2020-11-28 18:19:06,882 INFO c.t.l.ConfigParser [main] Opening config file: validate.yml
2020-11-28 18:19:09,803 INFO c.t.l.DataframeValidator$ [main] Validating events dataframe
2020-11-28 18:19:10,067 INFO c.t.l.DataframeValidator$$anonfun$parseRow$1 [Executor task launch worker for task 1] ROW PARSING ERROR: transaction_beneficiar_account_number = 193XXXXX25
2020-11-28 18:19:10,067 INFO c.t.l.DataframeValidator$$anonfun$parseRow$1 [Executor task launch worker for task 1] ROW PARSING ERROR: sub_type = NULL
2020-11-28 18:19:10,068 INFO c.t.l.DataframeValidator$$anonfun$parseRow$1 [Executor task launch worker for task 1] ROW PARSING ERROR: event_type = CHANGE_LOGIN_ID
2020-11-28 18:19:10,069 INFO c.t.l.DataframeValidator$$anonfun$parseRow$1 [Executor task launch worker for task 1] ROW PARSING ERROR: transaction_beneficiar_account_number = 1188XXXXX3
2020-11-28 18:19:10,070 INFO c.t.l.DataframeValidator$$anonfun$parseRow$1 [Executor task launch worker for task 1] ROW PARSING ERROR: transaction_beneficiar_account_number = NULL
2020-11-28 18:19:10,071 INFO c.t.l.DataframeValidator$$anonfun$parseRow$1 [Executor task launch worker for task 1] ROW PARSING ERROR: sub_channel = ASFS.BRANCHAPI
2020-11-28 18:19:10,072 INFO c.t.l.DataframeValidator$$anonfun$parseRow$1 [Executor task launch worker for task 1] ROW PARSING ERROR: sub_type = MB_CARD_TO_CARD
2020-11-28 18:19:10,073 INFO c.t.l.DataframeValidator$$anonfun$parseRow$1 [Executor task launch worker for task 1] ROW PARSING ERROR: transaction_beneficiar_account_number = 3972XXXXX3
2020-11-28 18:19:10,703 INFO c.t.l.DataframeValidator$ [main] Validating facts dataframe
2020-11-28 18:19:10,913 INFO c.t.l.DataframeValidator$$anonfun$parseRow$1 [Executor task launch worker for task 4] ROW PARSING ERROR: payer_card_number = 729909XXXXXX203
2020-11-28 18:19:10,915 INFO c.t.l.DataframeValidator$$anonfun$parseRow$1 [Executor task launch worker for task 4] ROW PARSING ERROR: payer_card_number = 729909XXXXXX203
2020-11-28 18:23:33,369 INFO c.t.l.Loader$ [main] Running Loader
2020-11-28 18:23:33,375 INFO c.t.l.Loader$ [main] Parsing CLI arguments
2020-11-28 18:23:36,409 INFO c.t.l.ConfigParser [main] Opening config file: validate.yml
2020-11-28 18:23:36,478 INFO c.t.l.ConfigParser [main] Opening config file: validate.yml
2020-11-28 18:23:36,485 INFO c.t.l.ConfigParser [main] Opening config file: validate.yml
2020-11-28 18:23:39,386 INFO c.t.l.DataframeValidator$ [main] Validating events dataframe
2020-11-28 18:23:39,626 INFO c.t.l.DataframeValidator$$anonfun$parseRow$1 [Executor task launch worker for task 1] ROW PARSING ERROR: transaction_beneficiar_account_number = 193XXXXX25
2020-11-28 18:23:39,626 INFO c.t.l.DataframeValidator$$anonfun$parseRow$1 [Executor task launch worker for task 1] ROW PARSING ERROR: sub_type = NULL
2020-11-28 18:23:39,626 INFO c.t.l.DataframeValidator$$anonfun$parseRow$1 [Executor task launch worker for task 1] ROW PARSING ERROR: event_type = CHANGE_LOGIN_ID
2020-11-28 18:23:39,628 INFO c.t.l.DataframeValidator$$anonfun$parseRow$1 [Executor task launch worker for task 1] ROW PARSING ERROR: transaction_beneficiar_account_number = 1188XXXXX3
2020-11-28 18:23:39,629 INFO c.t.l.DataframeValidator$$anonfun$parseRow$1 [Executor task launch worker for task 1] ROW PARSING ERROR: transaction_beneficiar_account_number = NULL
2020-11-28 18:23:39,629 INFO c.t.l.DataframeValidator$$anonfun$parseRow$1 [Executor task launch worker for task 1] ROW PARSING ERROR: sub_channel = ASFS.BRANCHAPI
2020-11-28 18:23:39,631 INFO c.t.l.DataframeValidator$$anonfun$parseRow$1 [Executor task launch worker for task 1] ROW PARSING ERROR: sub_type = MB_CARD_TO_CARD
2020-11-28 18:23:39,632 INFO c.t.l.DataframeValidator$$anonfun$parseRow$1 [Executor task launch worker for task 1] ROW PARSING ERROR: transaction_beneficiar_account_number = 3972XXXXX3
2020-11-28 18:23:40,250 INFO c.t.l.DataframeValidator$ [main] Validating facts dataframe
2020-11-28 18:23:40,462 INFO c.t.l.DataframeValidator$$anonfun$parseRow$1 [Executor task launch worker for task 4] ROW PARSING ERROR: payer_card_number = 729909XXXXXX203
2020-11-28 18:23:40,464 INFO c.t.l.DataframeValidator$$anonfun$parseRow$1 [Executor task launch worker for task 4] ROW PARSING ERROR: payer_card_number = 729909XXXXXX203
2020-11-28 18:23:58,187 INFO c.t.l.Loader$ [main] Running Loader
2020-11-28 18:23:58,192 INFO c.t.l.Loader$ [main] Parsing CLI arguments
2020-11-28 18:24:00,256 INFO c.t.l.ConfigParser [main] Opening config file: validate.yml
2020-11-28 18:24:00,319 INFO c.t.l.ConfigParser [main] Opening config file: validate.yml
2020-11-28 18:24:00,324 INFO c.t.l.ConfigParser [main] Opening config file: validate.yml
2020-11-28 18:24:03,189 INFO c.t.l.DataframeValidator$ [main] Validating events dataframe
2020-11-28 18:24:03,443 INFO c.t.l.DataframeValidator$$anonfun$parseRow$1 [Executor task launch worker for task 1] ROW PARSING ERROR: transaction_beneficiar_account_number = 193XXXXX25
2020-11-28 18:24:03,443 INFO c.t.l.DataframeValidator$$anonfun$parseRow$1 [Executor task launch worker for task 1] ROW PARSING ERROR: sub_type = NULL
2020-11-28 18:24:03,443 INFO c.t.l.DataframeValidator$$anonfun$parseRow$1 [Executor task launch worker for task 1] ROW PARSING ERROR: event_type = CHANGE_LOGIN_ID
2020-11-28 18:24:03,444 INFO c.t.l.DataframeValidator$$anonfun$parseRow$1 [Executor task launch worker for task 1] ROW PARSING ERROR: transaction_beneficiar_account_number = 1188XXXXX3
2020-11-28 18:24:03,445 INFO c.t.l.DataframeValidator$$anonfun$parseRow$1 [Executor task launch worker for task 1] ROW PARSING ERROR: transaction_beneficiar_account_number = NULL
2020-11-28 18:24:03,445 INFO c.t.l.DataframeValidator$$anonfun$parseRow$1 [Executor task launch worker for task 1] ROW PARSING ERROR: sub_channel = ASFS.BRANCHAPI
2020-11-28 18:24:03,446 INFO c.t.l.DataframeValidator$$anonfun$parseRow$1 [Executor task launch worker for task 1] ROW PARSING ERROR: sub_type = MB_CARD_TO_CARD
2020-11-28 18:24:03,447 INFO c.t.l.DataframeValidator$$anonfun$parseRow$1 [Executor task launch worker for task 1] ROW PARSING ERROR: transaction_beneficiar_account_number = 3972XXXXX3
2020-11-28 18:24:04,079 INFO c.t.l.DataframeValidator$ [main] Validating facts dataframe
2020-11-28 18:24:04,273 INFO c.t.l.DataframeValidator$$anonfun$parseRow$1 [Executor task launch worker for task 4] ROW PARSING ERROR: payer_card_number = 729909XXXXXX203
2020-11-28 18:24:04,275 INFO c.t.l.DataframeValidator$$anonfun$parseRow$1 [Executor task launch worker for task 4] ROW PARSING ERROR: payer_card_number = 729909XXXXXX203
2020-11-28 18:25:27,287 INFO c.t.l.Loader$ [main] Running Loader
2020-11-28 18:25:27,293 INFO c.t.l.Loader$ [main] Parsing CLI arguments
2020-11-28 18:25:29,369 INFO c.t.l.ConfigParser [main] Opening config file: validate.yml
2020-11-28 18:25:29,428 INFO c.t.l.ConfigParser [main] Opening config file: validate.yml
2020-11-28 18:25:29,434 INFO c.t.l.ConfigParser [main] Opening config file: validate.yml
2020-11-28 18:25:32,260 INFO c.t.l.DataframeValidator$ [main] Validating events dataframe
2020-11-28 18:25:32,521 INFO c.t.l.DataframeValidator$$anonfun$parseRow$1 [Executor task launch worker for task 1] ROW PARSING ERROR: transaction_beneficiar_account_number = 193XXXXX25
2020-11-28 18:25:32,521 INFO c.t.l.DataframeValidator$$anonfun$parseRow$1 [Executor task launch worker for task 1] ROW PARSING ERROR: sub_type = NULL
2020-11-28 18:25:32,521 INFO c.t.l.DataframeValidator$$anonfun$parseRow$1 [Executor task launch worker for task 1] ROW PARSING ERROR: event_type = CHANGE_LOGIN_ID
2020-11-28 18:25:32,522 INFO c.t.l.DataframeValidator$$anonfun$parseRow$1 [Executor task launch worker for task 1] ROW PARSING ERROR: transaction_beneficiar_account_number = 1188XXXXX3
2020-11-28 18:25:32,523 INFO c.t.l.DataframeValidator$$anonfun$parseRow$1 [Executor task launch worker for task 1] ROW PARSING ERROR: transaction_beneficiar_account_number = NULL
2020-11-28 18:25:32,523 INFO c.t.l.DataframeValidator$$anonfun$parseRow$1 [Executor task launch worker for task 1] ROW PARSING ERROR: sub_channel = ASFS.BRANCHAPI
2020-11-28 18:25:32,524 INFO c.t.l.DataframeValidator$$anonfun$parseRow$1 [Executor task launch worker for task 1] ROW PARSING ERROR: sub_type = MB_CARD_TO_CARD
2020-11-28 18:25:32,525 INFO c.t.l.DataframeValidator$$anonfun$parseRow$1 [Executor task launch worker for task 1] ROW PARSING ERROR: transaction_beneficiar_account_number = 3972XXXXX3
2020-11-28 18:25:33,128 INFO c.t.l.DataframeValidator$ [main] Validating facts dataframe
2020-11-28 18:25:33,338 INFO c.t.l.DataframeValidator$$anonfun$parseRow$1 [Executor task launch worker for task 4] ROW PARSING ERROR: payer_card_number = 729909XXXXXX203
2020-11-28 18:25:33,339 INFO c.t.l.DataframeValidator$$anonfun$parseRow$1 [Executor task launch worker for task 4] ROW PARSING ERROR: payer_card_number = 729909XXXXXX203
2020-11-28 18:29:13,562 INFO c.t.l.Loader$ [main] Running Loader
2020-11-28 18:29:13,567 INFO c.t.l.Loader$ [main] Parsing CLI arguments
2020-11-28 18:29:15,633 INFO c.t.l.ConfigParser [main] Opening config file: validate.yml
2020-11-28 18:29:15,695 INFO c.t.l.ConfigParser [main] Opening config file: validate.yml
2020-11-28 18:29:15,701 INFO c.t.l.ConfigParser [main] Opening config file: validate.yml
2020-11-28 18:29:18,546 INFO c.t.l.DataframeValidator$ [main] Validating events dataframe
2020-11-28 18:29:18,818 INFO c.t.l.DataframeValidator$$anonfun$parseRow$1 [Executor task launch worker for task 1] ROW PARSING ERROR: transaction_beneficiar_account_number = 193XXXXX25
2020-11-28 18:29:18,818 INFO c.t.l.DataframeValidator$$anonfun$parseRow$1 [Executor task launch worker for task 1] ROW PARSING ERROR: sub_type = NULL
2020-11-28 18:29:18,818 INFO c.t.l.DataframeValidator$$anonfun$parseRow$1 [Executor task launch worker for task 1] ROW PARSING ERROR: event_type = CHANGE_LOGIN_ID
2020-11-28 18:29:18,821 INFO c.t.l.DataframeValidator$$anonfun$parseRow$1 [Executor task launch worker for task 1] ROW PARSING ERROR: transaction_beneficiar_account_number = 1188XXXXX3
2020-11-28 18:29:18,823 INFO c.t.l.DataframeValidator$$anonfun$parseRow$1 [Executor task launch worker for task 1] ROW PARSING ERROR: transaction_beneficiar_account_number = NULL
2020-11-28 18:29:18,823 INFO c.t.l.DataframeValidator$$anonfun$parseRow$1 [Executor task launch worker for task 1] ROW PARSING ERROR: sub_channel = ASFS.BRANCHAPI
2020-11-28 18:29:18,824 INFO c.t.l.DataframeValidator$$anonfun$parseRow$1 [Executor task launch worker for task 1] ROW PARSING ERROR: sub_type = MB_CARD_TO_CARD
2020-11-28 18:29:18,826 INFO c.t.l.DataframeValidator$$anonfun$parseRow$1 [Executor task launch worker for task 1] ROW PARSING ERROR: transaction_beneficiar_account_number = 3972XXXXX3
2020-11-28 18:29:19,417 INFO c.t.l.DataframeValidator$ [main] Validating facts dataframe
2020-11-28 18:29:19,629 INFO c.t.l.DataframeValidator$$anonfun$parseRow$1 [Executor task launch worker for task 4] ROW PARSING ERROR: payer_card_number = 729909XXXXXX203
2020-11-28 18:29:19,630 INFO c.t.l.DataframeValidator$$anonfun$parseRow$1 [Executor task launch worker for task 4] ROW PARSING ERROR: payer_card_number = 729909XXXXXX203
2020-11-28 18:38:49,489 INFO c.t.l.Loader$ [main] Running Loader
2020-11-28 18:38:49,495 INFO c.t.l.Loader$ [main] Parsing CLI arguments
2020-11-28 18:38:51,651 INFO c.t.l.ConfigParser [main] Opening config file: validate.yml
2020-11-28 18:38:51,711 INFO c.t.l.ConfigParser [main] Opening config file: validate.yml
2020-11-28 18:38:51,717 INFO c.t.l.ConfigParser [main] Opening config file: validate.yml
2020-11-28 18:38:54,603 INFO c.t.l.DataframeValidator$ [main] Validating events dataframe
2020-11-28 18:38:54,888 INFO c.t.l.DataframeValidator$$anonfun$parseRow$1 [Executor task launch worker for task 1] ROW PARSING ERROR: transaction_beneficiar_account_number = 193XXXXX25
2020-11-28 18:39:47,945 INFO c.t.l.Loader$ [main] Running Loader
2020-11-28 18:39:47,950 INFO c.t.l.Loader$ [main] Parsing CLI arguments
2020-11-28 18:39:50,100 INFO c.t.l.ConfigParser [main] Opening config file: validate.yml
2020-11-28 18:39:50,161 INFO c.t.l.ConfigParser [main] Opening config file: validate.yml
2020-11-28 18:39:50,167 INFO c.t.l.ConfigParser [main] Opening config file: validate.yml
2020-11-28 18:39:53,204 INFO c.t.l.DataframeValidator$ [main] Validating events dataframe
2020-11-28 18:39:53,483 INFO c.t.l.DataframeValidator$$anonfun$parseRow$1 [Executor task launch worker for task 1] ROW PARSING ERROR: transaction_beneficiar_account_number = 193XXXXX25
2020-11-28 18:39:53,663 INFO c.t.l.DataframeValidator$ [main] Validating facts dataframe
2020-11-28 18:39:53,917 INFO c.t.l.DataframeValidator$$anonfun$parseRow$1 [Executor task launch worker for task 3] ROW PARSING ERROR: payer_card_number = 729909XXXXXX203
2020-11-28 18:39:54,107 INFO c.t.l.Loader$ [main] Validation is Empty
2020-11-28 18:40:39,422 INFO c.t.l.Loader$ [main] Running Loader
2020-11-28 18:40:39,427 INFO c.t.l.Loader$ [main] Parsing CLI arguments
2020-11-28 18:40:41,638 INFO c.t.l.ConfigParser [main] Opening config file: validate.yml
2020-11-28 18:40:41,719 INFO c.t.l.ConfigParser [main] Opening config file: validate.yml
2020-11-28 18:40:41,726 INFO c.t.l.ConfigParser [main] Opening config file: validate.yml
2020-11-28 18:40:44,728 INFO c.t.l.DataframeValidator$ [main] Validating events dataframe
2020-11-28 18:40:44,966 INFO c.t.l.DataframeValidator$$anonfun$parseRow$1 [Executor task launch worker for task 1] ROW PARSING ERROR: transaction_beneficiar_account_number = 193XXXXX25
2020-11-28 18:40:44,968 INFO c.t.l.DataframeValidator$$anonfun$parseRow$1 [Executor task launch worker for task 1] ROW PARSING ERROR: transaction_beneficiar_account_number = 1188XXXXX3
2020-11-28 18:40:44,969 INFO c.t.l.DataframeValidator$$anonfun$parseRow$1 [Executor task launch worker for task 1] ROW PARSING ERROR: transaction_beneficiar_account_number = NULL
2020-11-28 18:40:44,970 INFO c.t.l.DataframeValidator$$anonfun$parseRow$1 [Executor task launch worker for task 1] ROW PARSING ERROR: sub_type = MB_CARD_TO_CARD
2020-11-28 18:40:44,971 INFO c.t.l.DataframeValidator$$anonfun$parseRow$1 [Executor task launch worker for task 1] ROW PARSING ERROR: transaction_beneficiar_account_number = 3972XXXXX3
2020-11-28 18:40:45,426 INFO c.t.l.DataframeValidator$ [main] Validating facts dataframe
2020-11-28 18:40:45,722 INFO c.t.l.DataframeValidator$$anonfun$parseRow$1 [Executor task launch worker for task 4] ROW PARSING ERROR: payer_card_number = 729909XXXXXX203
2020-11-28 18:40:45,724 INFO c.t.l.DataframeValidator$$anonfun$parseRow$1 [Executor task launch worker for task 4] ROW PARSING ERROR: payer_card_number = 729909XXXXXX203
